0 info it worked if it ends with ok
1 verbose cli [ '/usr/local/Cellar/node/5.11.0/bin/node',
1 verbose cli   '/Users/nicholassmith/.node/bin/npm',
1 verbose cli   'start' ]
2 info using npm@3.8.7
3 info using node@v5.11.0
4 verbose run-script [ 'prestart', 'start', 'poststart' ]
5 info lifecycle react-universal-blog@1.0.0~prestart: react-universal-blog@1.0.0
6 silly lifecycle react-universal-blog@1.0.0~prestart: no script for prestart, continuing
7 info lifecycle react-universal-blog@1.0.0~start: react-universal-blog@1.0.0
8 verbose lifecycle react-universal-blog@1.0.0~start: unsafe-perm in lifecycle true
9 verbose lifecycle react-universal-blog@1.0.0~start: PATH: /Users/nicholassmith/.node/lib/node_modules/npm/bin/node-gyp-bin:/Users/nicholassmith/Desktop/react-universal-blog/node_modules/.bin:/usr/local/Cellar/node/5.11.0/bin:/Users/nicholassmith/.rvm/gems/ruby-2.1.4/bin:/Users/nicholassmith/.rvm/gems/ruby-2.1.4@global/bin:/Users/nicholassmith/.rvm/rubies/ruby-2.1.4/bin:/Users/nicholassmith/.rbenv/shims:/Users/nicholassmith/.node/bin:/usr/local/mysql/bin:/usr/local/sbin:/usr/local/opt/php56/sbin:/usr/local/sbin:/usr/local/sbin:/usr/local/opt/php56/sbin:/usr/local/bin:/usr/local/sbin:/usr/bin:/bin:/usr/sbin:/sbin:/opt/X11/bin:/Users/nicholassmith/.rvm/bin:/Users/nicholassmith/.rvm/bin
10 verbose lifecycle react-universal-blog@1.0.0~start: CWD: /Users/nicholassmith/Desktop/react-universal-blog
11 silly lifecycle react-universal-blog@1.0.0~start: Args: [ '-c', 'npm run production' ]
12 silly lifecycle react-universal-blog@1.0.0~start: Returned: code: 1  signal: null
13 info lifecycle react-universal-blog@1.0.0~start: Failed to exec start script
14 verbose stack Error: react-universal-blog@1.0.0 start: `npm run production`
14 verbose stack Exit status 1
14 verbose stack     at EventEmitter.<anonymous> (/Users/nicholassmith/.node/lib/node_modules/npm/lib/utils/lifecycle.js:244:16)
14 verbose stack     at emitTwo (events.js:100:13)
14 verbose stack     at EventEmitter.emit (events.js:185:7)
14 verbose stack     at ChildProcess.<anonymous> (/Users/nicholassmith/.node/lib/node_modules/npm/lib/utils/spawn.js:24:14)
14 verbose stack     at emitTwo (events.js:100:13)
14 verbose stack     at ChildProcess.emit (events.js:185:7)
14 verbose stack     at maybeClose (internal/child_process.js:850:16)
14 verbose stack     at Process.ChildProcess._handle.onexit (internal/child_process.js:215:5)
15 verbose pkgid react-universal-blog@1.0.0
16 verbose cwd /Users/nicholassmith/Desktop/react-universal-blog
17 error Darwin 15.2.0
18 error argv "/usr/local/Cellar/node/5.11.0/bin/node" "/Users/nicholassmith/.node/bin/npm" "start"
19 error node v5.11.0
20 error npm  v3.8.7
21 error code ELIFECYCLE
22 error react-universal-blog@1.0.0 start: `npm run production`
22 error Exit status 1
23 error Failed at the react-universal-blog@1.0.0 start script 'npm run production'.
23 error Make sure you have the latest version of node.js and npm installed.
23 error If you do, this is most likely a problem with the react-universal-blog package,
23 error not with npm itself.
23 error Tell the author that this fails on your system:
23 error     npm run production
23 error You can get information on how to open an issue for this project with:
23 error     npm bugs react-universal-blog
23 error Or if that isn't available, you can get their info via:
23 error     npm owner ls react-universal-blog
23 error There is likely additional logging output above.
24 verbose exit [ 1, true ]
